This is TeX, Version 3.14159265 (TeX Live 2017) (preloaded format=tex 2017.6.28)  14 AUG 2017 11:17
**bdd14.tex
(./bdd14.tex (/usr/local/texlive/2017/texmf-dist/tex/plain/cweb/cwebmac.tex
\PPbox=\box16
\MMbox=\box17
\MGbox=\box18
\MODbox=\box19
\bak=\box20
\bakk=\box21
\ind=\count26
\gdepth=\count27
\secpagedepth=\count28
\gtitle=\toks12
\intersecskip=\skip18
\toksA=\toks13
\toksB=\toks14
\toksC=\toks15
\toksD=\toks16
\toksE=\toks17
\toksF=\toks18
\usersanitizer=\toks19
\countA=\count29
\countB=\count30
\countC=\count31
\pagewidth=\dimen16
\pageheight=\dimen17
\fullpageheight=\dimen18
\pageshift=\dimen19
\cont=\write0
\sbox=\box22
\lbox=\box23
\twodigits=\count32
)
*1 [1
\openout0 = `bdd14.toc'.

] [2] [3] [4] *11 [5] [6] [7] *20 [8] [9] [10] [11] [12] [13] [14] *39
[15] [16] [17] [18] [19] [20] *51 [21] [22] [23] [24] [25] [26] [27] [28]
[29] *73 [30] [31] [32] [33] *81 [34] [35] [36] [37] [38] *91 [39] [40]
[41] [42] *99 [43] [44] *106 [45] [46] *110 [47] [48] [49] [50] [51] [52]
[53] *130 [54] [55] [56] [57] [58] [59] [60] [61] [62] [63] *156 [64] *160
[65] [66] *165 Index: (./bdd14.idx [67] [68] [69]) [70] Section names:
(./bdd14.scn [71]) [72] Table of contents: (./bdd14.toc) [0] )
Output written on bdd14.dvi (73 pages, 316176 bytes).
